<?xml version="1.0" encoding="UTF-8"?>
<testng-results ignored="0" total="1" passed="1" failed="0" skipped="0">
  <reporter-output>
  </reporter-output>
  <suite started-at="2022-08-06T21:47:12 AST" name="Default suite" finished-at="2022-08-06T21:47:29 AST" duration-ms="17180">
    <groups>
    </groups>
    <test started-at="2022-08-06T21:47:12 AST" name="Default test" finished-at="2022-08-06T21:47:29 AST" duration-ms="17180">
      <class name="ass4W9D5.ChromWhebDriverAss4W9D5">
        <test-method is-config="true" signature="setUp()[pri:0, instance:ass4W9D5.ChromWhebDriverAss4W9D5@60dcc9fe]" started-at="2022-08-06T21:47:12 AST" name="setUp" finished-at="2022-08-06T21:47:20 AST" duration-ms="7428" status="PASS">
          <reporter-output>
          </reporter-output>
        </test-method> <!-- setUp -->
        <test-method signature="LearnEnglishWebSite()[pri:0, instance:ass4W9D5.ChromWhebDriverAss4W9D5@60dcc9fe]" started-at="2022-08-06T21:47:20 AST" name="LearnEnglishWebSite" finished-at="2022-08-06T21:47:29 AST" duration-ms="9250" status="PASS">
          <reporter-output>
          </reporter-output>
        </test-method> <!-- LearnEnglishWebSite -->
        <test-method is-config="true" signature="terminateBrowser()[pri:0, instance:ass4W9D5.ChromWhebDriverAss4W9D5@60dcc9fe]" started-at="2022-08-06T21:47:29 AST" name="terminateBrowser" finished-at="2022-08-06T21:47:29 AST" duration-ms="467" status="PASS">
          <reporter-output>
          </reporter-output>
        </test-method> <!-- terminateBrowser -->
      </class> <!-- ass4W9D5.ChromWhebDriverAss4W9D5 -->
    </test> <!-- Default test -->
  </suite> <!-- Default suite -->
</testng-results>
